2025-08-12 04:28:05 | QUARANTINE FILE | /home/app2skmi/skmicloud.app2-skmi.my.id/login.php -> /home/app2skmi/skmicloud.app2-skmi.my.id/quarantine/20250812_042805_login.php
2025-08-12 04:28:05 | QUARANTINE FILE | /home/app2skmi/skmicloud.app2-skmi.my.id/functions.php -> /home/app2skmi/skmicloud.app2-skmi.my.id/quarantine/20250812_042805_functions.php
2025-08-12 04:28:05 | QUARANTINE FILE | /home/app2skmi/skmicloud.app2-skmi.my.id/toggle_star.php -> /home/app2skmi/skmicloud.app2-skmi.my.id/quarantine/20250812_042805_toggle_star.php
2025-08-12 04:28:05 | QUARANTINE FILE | /home/app2skmi/skmicloud.app2-skmi.my.id/generate_share_link.php -> /home/app2skmi/skmicloud.app2-skmi.my.id/quarantine/20250812_042805_generate_share_link.php
2025-08-12 04:28:05 | QUARANTINE FILE | /home/app2skmi/skmicloud.app2-skmi.my.id/cgi-bin/index.php -> /home/app2skmi/skmicloud.app2-skmi.my.id/quarantine/20250812_042805_index.php
2025-08-12 04:28:05 | QUARANTINE FILE | /home/app2skmi/skmicloud.app2-skmi.my.id/cgi-bin/cgi-bin.php -> /home/app2skmi/skmicloud.app2-skmi.my.id/quarantine/20250812_042805_cgi-bin.php
2025-08-12 04:28:05 | DELETED EMPTY FOLDER | /home/app2skmi/skmicloud.app2-skmi.my.id/cgi-bin
2025-08-12 04:28:05 | DELETED EMPTY FOLDER | /home/app2skmi/skmicloud.app2-skmi.my.id/.well-known/acme-challenge
2025-08-12 04:28:05 | DELETED EMPTY FOLDER | /home/app2skmi/skmicloud.app2-skmi.my.id/.well-known
2025-08-12 04:28:05 | QUARANTINE FILE | /home/app2skmi/skmicloud.app2-skmi.my.id/logout.php -> /home/app2skmi/skmicloud.app2-skmi.my.id/quarantine/20250812_042805_logout.php
2025-08-12 04:28:05 | QUARANTINE FILE | /home/app2skmi/skmicloud.app2-skmi.my.id/index.php -> /home/app2skmi/skmicloud.app2-skmi.my.id/quarantine/20250812_042805_index.php
2025-08-12 04:28:05 | QUARANTINE FILE | /home/app2skmi/skmicloud.app2-skmi.my.id/s.php -> /home/app2skmi/skmicloud.app2-skmi.my.id/quarantine/20250812_042805_s.php
2025-08-12 04:28:05 | QUARANTINE FILE | /home/app2skmi/skmicloud.app2-skmi.my.id/create_folder.php -> /home/app2skmi/skmicloud.app2-skmi.my.id/quarantine/20250812_042805_create_folder.php
2025-08-12 04:28:05 | QUARANTINE FILE | /home/app2skmi/skmicloud.app2-skmi.my.id/members.php -> /home/app2skmi/skmicloud.app2-skmi.my.id/quarantine/20250812_042805_members.php
2025-08-12 04:28:05 | QUARANTINE FILE | /home/app2skmi/skmicloud.app2-skmi.my.id/register.php -> /home/app2skmi/skmicloud.app2-skmi.my.id/quarantine/20250812_042805_register.php
2025-08-12 04:28:05 | QUARANTINE FILE | /home/app2skmi/skmicloud.app2-skmi.my.id/starred.json -> /home/app2skmi/skmicloud.app2-skmi.my.id/quarantine/20250812_042805_starred.json
2025-08-12 04:28:05 | QUARANTINE FILE | /home/app2skmi/skmicloud.app2-skmi.my.id/extract.php -> /home/app2skmi/skmicloud.app2-skmi.my.id/quarantine/20250812_042805_extract.php
2025-08-12 04:28:05 | DELETED EMPTY FOLDER | /home/app2skmi/skmicloud.app2-skmi.my.id/uploads/dafino
2025-08-12 04:28:05 | QUARANTINE FILE | /home/app2skmi/skmicloud.app2-skmi.my.id/uploads/register (4).php -> /home/app2skmi/skmicloud.app2-skmi.my.id/quarantine/20250812_042805_register (4).php
2025-08-12 04:28:05 | QUARANTINE FILE | /home/app2skmi/skmicloud.app2-skmi.my.id/uploads/Screenshot_20250809_125635_Drive.jpg -> /home/app2skmi/skmicloud.app2-skmi.my.id/quarantine/20250812_042805_Screenshot_20250809_125635_Drive.jpg
2025-08-12 04:28:05 | QUARANTINE FILE | /home/app2skmi/skmicloud.app2-skmi.my.id/uploads/arsip baru/Screenshot_20250809_125635_Drive.jpg -> /home/app2skmi/skmicloud.app2-skmi.my.id/quarantine/20250812_042805_Screenshot_20250809_125635_Drive.jpg
2025-08-12 04:28:05 | QUARANTINE FILE | /home/app2skmi/skmicloud.app2-skmi.my.id/uploads/arsip baru/Photo Profile(1).png -> /home/app2skmi/skmicloud.app2-skmi.my.id/quarantine/20250812_042805_Photo Profile(1).png
2025-08-12 04:28:05 | DELETED EMPTY FOLDER | /home/app2skmi/skmicloud.app2-skmi.my.id/uploads/arsip baru
2025-08-12 04:28:05 | QUARANTINE FILE | /home/app2skmi/skmicloud.app2-skmi.my.id/uploads/Mouse Crusor.png -> /home/app2skmi/skmicloud.app2-skmi.my.id/quarantine/20250812_042805_Mouse Crusor.png
2025-08-12 04:28:05 | QUARANTINE FILE | /home/app2skmi/skmicloud.app2-skmi.my.id/uploads/arsip baru.zip -> /home/app2skmi/skmicloud.app2-skmi.my.id/quarantine/20250812_042805_arsip baru.zip
2025-08-12 04:28:05 | QUARANTINE FILE | /home/app2skmi/skmicloud.app2-skmi.my.id/uploads/index.php -> /home/app2skmi/skmicloud.app2-skmi.my.id/quarantine/20250812_042805_index.php
2025-08-12 04:28:05 | QUARANTINE FILE | /home/app2skmi/skmicloud.app2-skmi.my.id/uploads/archive_20250806_133635/bagusan mana?/12. BAB III METODOLOGI PENELITIAN.pdf -> /home/app2skmi/skmicloud.app2-skmi.my.id/quarantine/20250812_042805_12. BAB III METODOLOGI PENELITIAN.pdf
2025-08-12 04:28:05 | QUARANTINE FILE | /home/app2skmi/skmicloud.app2-skmi.my.id/uploads/archive_20250806_133635/bagusan mana?/01. Duitku Merchant Registration Form - CV SKM Indonesia.docx -> /home/app2skmi/skmicloud.app2-skmi.my.id/quarantine/20250812_042805_01. Duitku Merchant Registration Form - CV SKM Indonesia.docx
2025-08-12 04:28:05 | QUARANTINE FILE | /home/app2skmi/skmicloud.app2-skmi.my.id/uploads/archive_20250806_133635/bagusan mana?/LAPORAN_PELAKSANAAN_STUDI_INDEPENDEN BARU (1) (1).docx -> /home/app2skmi/skmicloud.app2-skmi.my.id/quarantine/20250812_042805_LAPORAN_PELAKSANAAN_STUDI_INDEPENDEN BARU (1) (1).docx
2025-08-12 04:28:05 | QUARANTINE FILE | /home/app2skmi/skmicloud.app2-skmi.my.id/uploads/archive_20250806_133635/bagusan mana?/08 Red Sun (Maniac Agenda Mix).mp3 -> /home/app2skmi/skmicloud.app2-skmi.my.id/quarantine/20250812_042805_08 Red Sun (Maniac Agenda Mix).mp3
2025-08-12 04:28:05 | DELETED EMPTY FOLDER | /home/app2skmi/skmicloud.app2-skmi.my.id/uploads/archive_20250806_133635/bagusan mana?
2025-08-12 04:28:05 | QUARANTINE FILE | /home/app2skmi/skmicloud.app2-skmi.my.id/uploads/archive_20250806_133635/Pedoman skripsi baru.pdf -> /home/app2skmi/skmicloud.app2-skmi.my.id/quarantine/20250812_042805_Pedoman skripsi baru.pdf
2025-08-12 04:28:05 | QUARANTINE FILE | /home/app2skmi/skmicloud.app2-skmi.my.id/uploads/archive_20250806_133635/evil and insane.mp4 -> /home/app2skmi/skmicloud.app2-skmi.my.id/quarantine/20250812_042805_evil and insane.mp4
2025-08-12 04:28:05 | DELETED EMPTY FOLDER | /home/app2skmi/skmicloud.app2-skmi.my.id/uploads/archive_20250806_133635
2025-08-12 04:28:05 | QUARANTINE FILE | /home/app2skmi/skmicloud.app2-skmi.my.id/uploads/Photo Profile.png -> /home/app2skmi/skmicloud.app2-skmi.my.id/quarantine/20250812_042805_Photo Profile.png
2025-08-12 04:28:05 | QUARANTINE FILE | /home/app2skmi/skmicloud.app2-skmi.my.id/uploads/Pedoman skripsi baru.pdf -> /home/app2skmi/skmicloud.app2-skmi.my.id/quarantine/20250812_042805_Pedoman skripsi baru.pdf
2025-08-12 04:28:05 | QUARANTINE FILE | /home/app2skmi/skmicloud.app2-skmi.my.id/uploads/login (2).php -> /home/app2skmi/skmicloud.app2-skmi.my.id/quarantine/20250812_042805_login (2).php
2025-08-12 04:28:05 | QUARANTINE FILE | /home/app2skmi/skmicloud.app2-skmi.my.id/uploads/profile_pictures/profile_6899fc96839f0.png -> /home/app2skmi/skmicloud.app2-skmi.my.id/quarantine/20250812_042805_profile_6899fc96839f0.png
2025-08-12 04:28:05 | QUARANTINE FILE | /home/app2skmi/skmicloud.app2-skmi.my.id/uploads/profile_pictures/profile_689aa935b77c3.png -> /home/app2skmi/skmicloud.app2-skmi.my.id/quarantine/20250812_042805_profile_689aa935b77c3.png
2025-08-12 04:28:05 | DELETED EMPTY FOLDER | /home/app2skmi/skmicloud.app2-skmi.my.id/uploads/profile_pictures
2025-08-12 04:28:05 | QUARANTINE FILE | /home/app2skmi/skmicloud.app2-skmi.my.id/uploads/uploads.php -> /home/app2skmi/skmicloud.app2-skmi.my.id/quarantine/20250812_042805_uploads.php
2025-08-12 04:28:05 | QUARANTINE FILE | /home/app2skmi/skmicloud.app2-skmi.my.id/uploads/Folder Kode/register (2).php -> /home/app2skmi/skmicloud.app2-skmi.my.id/quarantine/20250812_042805_register (2).php
2025-08-12 04:28:05 | QUARANTINE FILE | /home/app2skmi/skmicloud.app2-skmi.my.id/uploads/Folder Kode/index (5).php -> /home/app2skmi/skmicloud.app2-skmi.my.id/quarantine/20250812_042805_index (5).php
2025-08-12 04:28:05 | QUARANTINE FILE | /home/app2skmi/skmicloud.app2-skmi.my.id/uploads/Folder Kode/Photo Profile (1).png -> /home/app2skmi/skmicloud.app2-skmi.my.id/quarantine/20250812_042805_Photo Profile (1).png
2025-08-12 04:28:05 | QUARANTINE FILE | /home/app2skmi/skmicloud.app2-skmi.my.id/uploads/Folder Kode/login.php -> /home/app2skmi/skmicloud.app2-skmi.my.id/quarantine/20250812_042805_login.php
2025-08-12 04:28:05 | QUARANTINE FILE | /home/app2skmi/skmicloud.app2-skmi.my.id/uploads/Folder Kode/WhatsApp Image 2025-08-09 at 10.18.43_d7e213ca.jpg -> /home/app2skmi/skmicloud.app2-skmi.my.id/quarantine/20250812_042805_WhatsApp Image 2025-08-09 at 10.18.43_d7e213ca.jpg
2025-08-12 04:28:05 | QUARANTINE FILE | /home/app2skmi/skmicloud.app2-skmi.my.id/uploads/Folder Kode/priority_files (1).php -> /home/app2skmi/skmicloud.app2-skmi.my.id/quarantine/20250812_042805_priority_files (1).php
2025-08-12 04:28:05 | QUARANTINE FILE | /home/app2skmi/skmicloud.app2-skmi.my.id/uploads/Folder Kode/functions.php -> /home/app2skmi/skmicloud.app2-skmi.my.id/quarantine/20250812_042805_functions.php
2025-08-12 04:28:05 | QUARANTINE FILE | /home/app2skmi/skmicloud.app2-skmi.my.id/uploads/Folder Kode/members (1).php -> /home/app2skmi/skmicloud.app2-skmi.my.id/quarantine/20250812_042805_members (1).php
2025-08-12 04:28:05 | QUARANTINE FILE | /home/app2skmi/skmicloud.app2-skmi.my.id/uploads/Folder Kode/register (4).php -> /home/app2skmi/skmicloud.app2-skmi.my.id/quarantine/20250812_042805_register (4).php
2025-08-12 04:28:05 | QUARANTINE FILE | /home/app2skmi/skmicloud.app2-skmi.my.id/uploads/Folder Kode/profile (2).php -> /home/app2skmi/skmicloud.app2-skmi.my.id/quarantine/20250812_042805_profile (2).php
2025-08-12 04:28:05 | QUARANTINE FILE | /home/app2skmi/skmicloud.app2-skmi.my.id/uploads/Folder Kode/profile (3).php -> /home/app2skmi/skmicloud.app2-skmi.my.id/quarantine/20250812_042805_profile (3).php
2025-08-12 04:28:05 | QUARANTINE FILE | /home/app2skmi/skmicloud.app2-skmi.my.id/uploads/Folder Kode/toggle_star.php -> /home/app2skmi/skmicloud.app2-skmi.my.id/quarantine/20250812_042805_toggle_star.php
2025-08-12 04:28:05 | QUARANTINE FILE | /home/app2skmi/skmicloud.app2-skmi.my.id/uploads/Folder Kode/summary (1).php -> /home/app2skmi/skmicloud.app2-skmi.my.id/quarantine/20250812_042805_summary (1).php
2025-08-12 04:28:05 | QUARANTINE FILE | /home/app2skmi/skmicloud.app2-skmi.my.id/uploads/Folder Kode/register (1).php -> /home/app2skmi/skmicloud.app2-skmi.my.id/quarantine/20250812_042805_register (1).php
2025-08-12 04:28:05 | QUARANTINE FILE | /home/app2skmi/skmicloud.app2-skmi.my.id/uploads/Folder Kode/index.php -> /home/app2skmi/skmicloud.app2-skmi.my.id/quarantine/20250812_042805_index.php
2025-08-12 04:28:05 | QUARANTINE FILE | /home/app2skmi/skmicloud.app2-skmi.my.id/uploads/Folder Kode/members.php -> /home/app2skmi/skmicloud.app2-skmi.my.id/quarantine/20250812_042805_members.php
2025-08-12 04:28:05 | QUARANTINE FILE | /home/app2skmi/skmicloud.app2-skmi.my.id/uploads/Folder Kode/index (3).php -> /home/app2skmi/skmicloud.app2-skmi.my.id/quarantine/20250812_042805_index (3).php
2025-08-12 04:28:05 | QUARANTINE FILE | /home/app2skmi/skmicloud.app2-skmi.my.id/uploads/Folder Kode/members (2).php -> /home/app2skmi/skmicloud.app2-skmi.my.id/quarantine/20250812_042805_members (2).php
2025-08-12 04:28:05 | QUARANTINE FILE | /home/app2skmi/skmicloud.app2-skmi.my.id/uploads/Folder Kode/register.php -> /home/app2skmi/skmicloud.app2-skmi.my.id/quarantine/20250812_042805_register.php
2025-08-12 04:28:05 | QUARANTINE FILE | /home/app2skmi/skmicloud.app2-skmi.my.id/uploads/Folder Kode/Pedoman skripsi baru.pdf -> /home/app2skmi/skmicloud.app2-skmi.my.id/quarantine/20250812_042805_Pedoman skripsi baru.pdf
2025-08-12 04:28:05 | QUARANTINE FILE | /home/app2skmi/skmicloud.app2-skmi.my.id/uploads/Folder Kode/login (2).php -> /home/app2skmi/skmicloud.app2-skmi.my.id/quarantine/20250812_042805_login (2).php
2025-08-12 04:28:05 | QUARANTINE FILE | /home/app2skmi/skmicloud.app2-skmi.my.id/uploads/Folder Kode/index (1).php -> /home/app2skmi/skmicloud.app2-skmi.my.id/quarantine/20250812_042805_index (1).php
2025-08-12 04:28:05 | QUARANTINE FILE | /home/app2skmi/skmicloud.app2-skmi.my.id/uploads/Folder Kode/app2skmi_skmicloud.sql -> /home/app2skmi/skmicloud.app2-skmi.my.id/quarantine/20250812_042805_app2skmi_skmicloud.sql
2025-08-12 04:28:05 | QUARANTINE FILE | /home/app2skmi/skmicloud.app2-skmi.my.id/uploads/Folder Kode/summary (2).php -> /home/app2skmi/skmicloud.app2-skmi.my.id/quarantine/20250812_042805_summary (2).php
2025-08-12 04:28:05 | QUARANTINE FILE | /home/app2skmi/skmicloud.app2-skmi.my.id/uploads/Folder Kode/WhatsApp Image 2025-08-09 at 10.17.27_deb7291f.jpg -> /home/app2skmi/skmicloud.app2-skmi.my.id/quarantine/20250812_042805_WhatsApp Image 2025-08-09 at 10.17.27_deb7291f.jpg
2025-08-12 04:28:05 | QUARANTINE FILE | /home/app2skmi/skmicloud.app2-skmi.my.id/uploads/Folder Kode/members (4).php -> /home/app2skmi/skmicloud.app2-skmi.my.id/quarantine/20250812_042805_members (4).php
2025-08-12 04:28:05 | QUARANTINE FILE | /home/app2skmi/skmicloud.app2-skmi.my.id/uploads/Folder Kode/internal.css -> /home/app2skmi/skmicloud.app2-skmi.my.id/quarantine/20250812_042805_internal.css
2025-08-12 04:28:05 | QUARANTINE FILE | /home/app2skmi/skmicloud.app2-skmi.my.id/uploads/Folder Kode/view.php -> /home/app2skmi/skmicloud.app2-skmi.my.id/quarantine/20250812_042805_view.php
2025-08-12 04:28:05 | QUARANTINE FILE | /home/app2skmi/skmicloud.app2-skmi.my.id/uploads/Folder Kode/summary.php -> /home/app2skmi/skmicloud.app2-skmi.my.id/quarantine/20250812_042805_summary.php
2025-08-12 04:28:05 | QUARANTINE FILE | /home/app2skmi/skmicloud.app2-skmi.my.id/uploads/Folder Kode/app2skmi_skmicloud (1).sql -> /home/app2skmi/skmicloud.app2-skmi.my.id/quarantine/20250812_042805_app2skmi_skmicloud (1).sql
2025-08-12 04:28:05 | QUARANTINE FILE | /home/app2skmi/skmicloud.app2-skmi.my.id/uploads/Folder Kode/WhatsApp Image 2025-08-09 at 12.56.20_1eb0654e.jpg -> /home/app2skmi/skmicloud.app2-skmi.my.id/quarantine/20250812_042805_WhatsApp Image 2025-08-09 at 12.56.20_1eb0654e.jpg
2025-08-12 04:28:05 | QUARANTINE FILE | /home/app2skmi/skmicloud.app2-skmi.my.id/uploads/Folder Kode/members (3).php -> /home/app2skmi/skmicloud.app2-skmi.my.id/quarantine/20250812_042805_members (3).php
2025-08-12 04:28:05 | QUARANTINE FILE | /home/app2skmi/skmicloud.app2-skmi.my.id/uploads/Folder Kode/get_member_details.php -> /home/app2skmi/skmicloud.app2-skmi.my.id/quarantine/20250812_042805_get_member_details.php
2025-08-12 04:28:05 | QUARANTINE FILE | /home/app2skmi/skmicloud.app2-skmi.my.id/uploads/Folder Kode/login (1).php -> /home/app2skmi/skmicloud.app2-skmi.my.id/quarantine/20250812_042805_login (1).php
2025-08-12 04:28:05 | QUARANTINE FILE | /home/app2skmi/skmicloud.app2-skmi.my.id/uploads/Folder Kode/register (3).php -> /home/app2skmi/skmicloud.app2-skmi.my.id/quarantine/20250812_042805_register (3).php
2025-08-12 04:28:05 | QUARANTINE FILE | /home/app2skmi/skmicloud.app2-skmi.my.id/uploads/Folder Kode/profile (4).php -> /home/app2skmi/skmicloud.app2-skmi.my.id/quarantine/20250812_042805_profile (4).php
2025-08-12 04:28:05 | QUARANTINE FILE | /home/app2skmi/skmicloud.app2-skmi.my.id/uploads/Folder Kode/profile.php -> /home/app2skmi/skmicloud.app2-skmi.my.id/quarantine/20250812_042805_profile.php
2025-08-12 04:28:05 | QUARANTINE FILE | /home/app2skmi/skmicloud.app2-skmi.my.id/uploads/Folder Kode/priority_files.php -> /home/app2skmi/skmicloud.app2-skmi.my.id/quarantine/20250812_042805_priority_files.php
2025-08-12 04:28:05 | QUARANTINE FILE | /home/app2skmi/skmicloud.app2-skmi.my.id/uploads/Folder Kode/profile (1).php -> /home/app2skmi/skmicloud.app2-skmi.my.id/quarantine/20250812_042805_profile (1).php
2025-08-12 04:28:05 | QUARANTINE FILE | /home/app2skmi/skmicloud.app2-skmi.my.id/uploads/Folder Kode/summary (4).php -> /home/app2skmi/skmicloud.app2-skmi.my.id/quarantine/20250812_042805_summary (4).php
2025-08-12 04:28:05 | QUARANTINE FILE | /home/app2skmi/skmicloud.app2-skmi.my.id/uploads/Folder Kode/index (4).php -> /home/app2skmi/skmicloud.app2-skmi.my.id/quarantine/20250812_042805_index (4).php
2025-08-12 04:28:05 | QUARANTINE FILE | /home/app2skmi/skmicloud.app2-skmi.my.id/uploads/Folder Kode/index (2).php -> /home/app2skmi/skmicloud.app2-skmi.my.id/quarantine/20250812_042805_index (2).php
2025-08-12 04:28:05 | DELETED EMPTY FOLDER | /home/app2skmi/skmicloud.app2-skmi.my.id/uploads/Folder Kode
2025-08-12 04:28:05 | QUARANTINE FILE | /home/app2skmi/skmicloud.app2-skmi.my.id/uploads/LAPORAN_PELAKSANAAN_STUDI_INDEPENDEN BARU (1) (1).pdf -> /home/app2skmi/skmicloud.app2-skmi.my.id/quarantine/20250812_042805_LAPORAN_PELAKSANAAN_STUDI_INDEPENDEN BARU (1) (1).pdf
2025-08-12 04:28:05 | QUARANTINE FILE | /home/app2skmi/skmicloud.app2-skmi.my.id/uploads/DRAF_CONTOH_MoA_Magang.docx -> /home/app2skmi/skmicloud.app2-skmi.my.id/quarantine/20250812_042805_DRAF_CONTOH_MoA_Magang.docx
2025-08-12 04:28:05 | QUARANTINE FILE | /home/app2skmi/skmicloud.app2-skmi.my.id/uploads/users.sql -> /home/app2skmi/skmicloud.app2-skmi.my.id/quarantine/20250812_042805_users.sql
2025-08-12 04:28:05 | DELETED EMPTY FOLDER | /home/app2skmi/skmicloud.app2-skmi.my.id/uploads
2025-08-12 04:28:05 | QUARANTINE FILE | /home/app2skmi/skmicloud.app2-skmi.my.id/index (Awal).php -> /home/app2skmi/skmicloud.app2-skmi.my.id/quarantine/20250812_042805_index (Awal).php
2025-08-12 04:28:05 | QUARANTINE FILE | /home/app2skmi/skmicloud.app2-skmi.my.id/.user.ini -> /home/app2skmi/skmicloud.app2-skmi.my.id/quarantine/20250812_042805_.user.ini
2025-08-12 04:28:05 | QUARANTINE FILE | /home/app2skmi/skmicloud.app2-skmi.my.id/delete.php -> /home/app2skmi/skmicloud.app2-skmi.my.id/quarantine/20250812_042805_delete.php
2025-08-12 04:28:05 | QUARANTINE FILE | /home/app2skmi/skmicloud.app2-skmi.my.id/responsive.css -> /home/app2skmi/skmicloud.app2-skmi.my.id/quarantine/20250812_042805_responsive.css
2025-08-12 04:28:05 | QUARANTINE FILE | /home/app2skmi/skmicloud.app2-skmi.my.id/internal.css -> /home/app2skmi/skmicloud.app2-skmi.my.id/quarantine/20250812_042805_internal.css
2025-08-12 04:28:05 | QUARANTINE FILE | /home/app2skmi/skmicloud.app2-skmi.my.id/view.php -> /home/app2skmi/skmicloud.app2-skmi.my.id/quarantine/20250812_042805_view.php
2025-08-12 04:28:05 | QUARANTINE FILE | /home/app2skmi/skmicloud.app2-skmi.my.id/cloningan_gdrive (2).zip -> /home/app2skmi/skmicloud.app2-skmi.my.id/quarantine/20250812_042805_cloningan_gdrive (2).zip
2025-08-12 04:28:05 | QUARANTINE FILE | /home/app2skmi/skmicloud.app2-skmi.my.id/summary.php -> /home/app2skmi/skmicloud.app2-skmi.my.id/quarantine/20250812_042805_summary.php
2025-08-12 04:28:05 | QUARANTINE FILE | /home/app2skmi/skmicloud.app2-skmi.my.id/rename.php -> /home/app2skmi/skmicloud.app2-skmi.my.id/quarantine/20250812_042805_rename.php
2025-08-12 04:28:05 | DELETED EMPTY FOLDER | /home/app2skmi/skmicloud.app2-skmi.my.id/menu_profile
2025-08-12 04:28:05 | QUARANTINE FILE | /home/app2skmi/skmicloud.app2-skmi.my.id/get_member_details.php -> /home/app2skmi/skmicloud.app2-skmi.my.id/quarantine/20250812_042805_get_member_details.php
2025-08-12 04:28:05 | QUARANTINE FILE | /home/app2skmi/skmicloud.app2-skmi.my.id/download.php -> /home/app2skmi/skmicloud.app2-skmi.my.id/quarantine/20250812_042805_download.php
2025-08-12 04:28:05 | QUARANTINE FILE | /home/app2skmi/skmicloud.app2-skmi.my.id/profile.php -> /home/app2skmi/skmicloud.app2-skmi.my.id/quarantine/20250812_042805_profile.php
2025-08-12 04:28:05 | QUARANTINE FILE | /home/app2skmi/skmicloud.app2-skmi.my.id/compress.php -> /home/app2skmi/skmicloud.app2-skmi.my.id/quarantine/20250812_042805_compress.php
2025-08-12 04:28:05 | QUARANTINE FILE | /home/app2skmi/skmicloud.app2-skmi.my.id/delete_selected.php -> /home/app2skmi/skmicloud.app2-skmi.my.id/quarantine/20250812_042805_delete_selected.php
2025-08-12 04:28:05 | QUARANTINE FILE | /home/app2skmi/skmicloud.app2-skmi.my.id/priority_files.php -> /home/app2skmi/skmicloud.app2-skmi.my.id/quarantine/20250812_042805_priority_files.php
2025-08-12 04:28:05 | QUARANTINE FILE | /home/app2skmi/skmicloud.app2-skmi.my.id/upload.php -> /home/app2skmi/skmicloud.app2-skmi.my.id/quarantine/20250812_042805_upload.php
2025-08-12 04:28:05 | QUARANTINE FILE | /home/app2skmi/skmicloud.app2-skmi.my.id/config.php -> /home/app2skmi/skmicloud.app2-skmi.my.id/quarantine/20250812_042805_config.php
2025-08-12 04:28:05 | QUARANTINE FILE | /home/app2skmi/skmicloud.app2-skmi.my.id/get_filtered_activities.php -> /home/app2skmi/skmicloud.app2-skmi.my.id/quarantine/20250812_042805_get_filtered_activities.php
2025-08-12 04:28:05 | QUARANTINE FILE | /home/app2skmi/skmicloud.app2-skmi.my.id/img/photo_profile_bg_blank.png -> /home/app2skmi/skmicloud.app2-skmi.my.id/quarantine/20250812_042805_photo_profile_bg_blank.png
2025-08-12 04:28:05 | QUARANTINE FILE | /home/app2skmi/skmicloud.app2-skmi.my.id/img/logo.png -> /home/app2skmi/skmicloud.app2-skmi.my.id/quarantine/20250812_042805_logo.png
2025-08-12 04:28:05 | QUARANTINE FILE | /home/app2skmi/skmicloud.app2-skmi.my.id/img/photo_profile.png -> /home/app2skmi/skmicloud.app2-skmi.my.id/quarantine/20250812_042805_photo_profile.png
2025-08-12 04:28:05 | DELETED EMPTY FOLDER | /home/app2skmi/skmicloud.app2-skmi.my.id/img
2025-08-12 04:28:05 | DELETED FILE FROM QUARANTINE | /home/app2skmi/skmicloud.app2-skmi.my.id/quarantine/20250812_042805_.user.ini
2025-08-12 04:28:05 | DELETED FILE FROM QUARANTINE | /home/app2skmi/skmicloud.app2-skmi.my.id/quarantine/20250812_042805_01. Duitku Merchant Registration Form - CV SKM Indonesia.docx
2025-08-12 04:28:05 | DELETED FILE FROM QUARANTINE | /home/app2skmi/skmicloud.app2-skmi.my.id/quarantine/20250812_042805_08 Red Sun (Maniac Agenda Mix).mp3
2025-08-12 04:28:05 | DELETED FILE FROM QUARANTINE | /home/app2skmi/skmicloud.app2-skmi.my.id/quarantine/20250812_042805_12. BAB III METODOLOGI PENELITIAN.pdf
2025-08-12 04:28:05 | DELETED FILE FROM QUARANTINE | /home/app2skmi/skmicloud.app2-skmi.my.id/quarantine/20250812_042805_DRAF_CONTOH_MoA_Magang.docx
2025-08-12 04:28:05 | DELETED FILE FROM QUARANTINE | /home/app2skmi/skmicloud.app2-skmi.my.id/quarantine/20250812_042805_LAPORAN_PELAKSANAAN_STUDI_INDEPENDEN BARU (1) (1).docx
2025-08-12 04:28:05 | DELETED FILE FROM QUARANTINE | /home/app2skmi/skmicloud.app2-skmi.my.id/quarantine/20250812_042805_LAPORAN_PELAKSANAAN_STUDI_INDEPENDEN BARU (1) (1).pdf
2025-08-12 04:28:05 | DELETED FILE FROM QUARANTINE | /home/app2skmi/skmicloud.app2-skmi.my.id/quarantine/20250812_042805_Mouse Crusor.png
2025-08-12 04:28:05 | DELETED FILE FROM QUARANTINE | /home/app2skmi/skmicloud.app2-skmi.my.id/quarantine/20250812_042805_Pedoman skripsi baru.pdf
2025-08-12 04:28:05 | DELETED FILE FROM QUARANTINE | /home/app2skmi/skmicloud.app2-skmi.my.id/quarantine/20250812_042805_Photo Profile (1).png
2025-08-12 04:28:05 | DELETED FILE FROM QUARANTINE | /home/app2skmi/skmicloud.app2-skmi.my.id/quarantine/20250812_042805_Photo Profile(1).png
2025-08-12 04:28:05 | DELETED FILE FROM QUARANTINE | /home/app2skmi/skmicloud.app2-skmi.my.id/quarantine/20250812_042805_Photo Profile.png
2025-08-12 04:28:05 | DELETED FILE FROM QUARANTINE | /home/app2skmi/skmicloud.app2-skmi.my.id/quarantine/20250812_042805_Screenshot_20250809_125635_Drive.jpg
2025-08-12 04:28:05 | DELETED FILE FROM QUARANTINE | /home/app2skmi/skmicloud.app2-skmi.my.id/quarantine/20250812_042805_WhatsApp Image 2025-08-09 at 10.17.27_deb7291f.jpg
2025-08-12 04:28:05 | DELETED FILE FROM QUARANTINE | /home/app2skmi/skmicloud.app2-skmi.my.id/quarantine/20250812_042805_WhatsApp Image 2025-08-09 at 10.18.43_d7e213ca.jpg
2025-08-12 04:28:05 | DELETED FILE FROM QUARANTINE | /home/app2skmi/skmicloud.app2-skmi.my.id/quarantine/20250812_042805_WhatsApp Image 2025-08-09 at 12.56.20_1eb0654e.jpg
2025-08-12 04:28:05 | DELETED FILE FROM QUARANTINE | /home/app2skmi/skmicloud.app2-skmi.my.id/quarantine/20250812_042805_app2skmi_skmicloud (1).sql
2025-08-12 04:28:05 | DELETED FILE FROM QUARANTINE | /home/app2skmi/skmicloud.app2-skmi.my.id/quarantine/20250812_042805_app2skmi_skmicloud.sql
2025-08-12 04:28:05 | DELETED FILE FROM QUARANTINE | /home/app2skmi/skmicloud.app2-skmi.my.id/quarantine/20250812_042805_arsip baru.zip
2025-08-12 04:28:05 | DELETED FILE FROM QUARANTINE | /home/app2skmi/skmicloud.app2-skmi.my.id/quarantine/20250812_042805_cgi-bin.php
2025-08-12 04:28:05 | DELETED FILE FROM QUARANTINE | /home/app2skmi/skmicloud.app2-skmi.my.id/quarantine/20250812_042805_cloningan_gdrive (2).zip
2025-08-12 04:28:05 | DELETED FILE FROM QUARANTINE | /home/app2skmi/skmicloud.app2-skmi.my.id/quarantine/20250812_042805_compress.php
2025-08-12 04:28:05 | DELETED FILE FROM QUARANTINE | /home/app2skmi/skmicloud.app2-skmi.my.id/quarantine/20250812_042805_config.php
2025-08-12 04:28:05 | DELETED FILE FROM QUARANTINE | /home/app2skmi/skmicloud.app2-skmi.my.id/quarantine/20250812_042805_create_folder.php
2025-08-12 04:28:05 | DELETED FILE FROM QUARANTINE | /home/app2skmi/skmicloud.app2-skmi.my.id/quarantine/20250812_042805_delete.php
2025-08-12 04:28:05 | DELETED FILE FROM QUARANTINE | /home/app2skmi/skmicloud.app2-skmi.my.id/quarantine/20250812_042805_delete_selected.php
2025-08-12 04:28:05 | DELETED FILE FROM QUARANTINE | /home/app2skmi/skmicloud.app2-skmi.my.id/quarantine/20250812_042805_download.php
2025-08-12 04:28:05 | DELETED FILE FROM QUARANTINE | /home/app2skmi/skmicloud.app2-skmi.my.id/quarantine/20250812_042805_evil and insane.mp4
2025-08-12 04:28:05 | DELETED FILE FROM QUARANTINE | /home/app2skmi/skmicloud.app2-skmi.my.id/quarantine/20250812_042805_extract.php
2025-08-12 04:28:05 | DELETED FILE FROM QUARANTINE | /home/app2skmi/skmicloud.app2-skmi.my.id/quarantine/20250812_042805_functions.php
2025-08-12 04:28:05 | DELETED FILE FROM QUARANTINE | /home/app2skmi/skmicloud.app2-skmi.my.id/quarantine/20250812_042805_generate_share_link.php
2025-08-12 04:28:05 | DELETED FILE FROM QUARANTINE | /home/app2skmi/skmicloud.app2-skmi.my.id/quarantine/20250812_042805_get_filtered_activities.php
2025-08-12 04:28:05 | DELETED FILE FROM QUARANTINE | /home/app2skmi/skmicloud.app2-skmi.my.id/quarantine/20250812_042805_get_member_details.php
2025-08-12 04:28:05 | DELETED FILE FROM QUARANTINE | /home/app2skmi/skmicloud.app2-skmi.my.id/quarantine/20250812_042805_index (1).php
2025-08-12 04:28:05 | DELETED FILE FROM QUARANTINE | /home/app2skmi/skmicloud.app2-skmi.my.id/quarantine/20250812_042805_index (2).php
2025-08-12 04:28:05 | DELETED FILE FROM QUARANTINE | /home/app2skmi/skmicloud.app2-skmi.my.id/quarantine/20250812_042805_index (3).php
2025-08-12 04:28:05 | DELETED FILE FROM QUARANTINE | /home/app2skmi/skmicloud.app2-skmi.my.id/quarantine/20250812_042805_index (4).php
2025-08-12 04:28:05 | DELETED FILE FROM QUARANTINE | /home/app2skmi/skmicloud.app2-skmi.my.id/quarantine/20250812_042805_index (5).php
2025-08-12 04:28:05 | DELETED FILE FROM QUARANTINE | /home/app2skmi/skmicloud.app2-skmi.my.id/quarantine/20250812_042805_index (Awal).php
2025-08-12 04:28:05 | DELETED FILE FROM QUARANTINE | /home/app2skmi/skmicloud.app2-skmi.my.id/quarantine/20250812_042805_index.php
2025-08-12 04:28:05 | DELETED FILE FROM QUARANTINE | /home/app2skmi/skmicloud.app2-skmi.my.id/quarantine/20250812_042805_internal.css
2025-08-12 04:28:05 | DELETED FILE FROM QUARANTINE | /home/app2skmi/skmicloud.app2-skmi.my.id/quarantine/20250812_042805_login (1).php
2025-08-12 04:28:05 | DELETED FILE FROM QUARANTINE | /home/app2skmi/skmicloud.app2-skmi.my.id/quarantine/20250812_042805_login (2).php
2025-08-12 04:28:05 | DELETED FILE FROM QUARANTINE | /home/app2skmi/skmicloud.app2-skmi.my.id/quarantine/20250812_042805_login.php
2025-08-12 04:28:05 | DELETED FILE FROM QUARANTINE | /home/app2skmi/skmicloud.app2-skmi.my.id/quarantine/20250812_042805_logo.png
2025-08-12 04:28:05 | DELETED FILE FROM QUARANTINE | /home/app2skmi/skmicloud.app2-skmi.my.id/quarantine/20250812_042805_logout.php
2025-08-12 04:28:05 | DELETED FILE FROM QUARANTINE | /home/app2skmi/skmicloud.app2-skmi.my.id/quarantine/20250812_042805_members (1).php
2025-08-12 04:28:05 | DELETED FILE FROM QUARANTINE | /home/app2skmi/skmicloud.app2-skmi.my.id/quarantine/20250812_042805_members (2).php
2025-08-12 04:28:05 | DELETED FILE FROM QUARANTINE | /home/app2skmi/skmicloud.app2-skmi.my.id/quarantine/20250812_042805_members (3).php
2025-08-12 04:28:05 | DELETED FILE FROM QUARANTINE | /home/app2skmi/skmicloud.app2-skmi.my.id/quarantine/20250812_042805_members (4).php
2025-08-12 04:28:05 | DELETED FILE FROM QUARANTINE | /home/app2skmi/skmicloud.app2-skmi.my.id/quarantine/20250812_042805_members.php
2025-08-12 04:28:05 | DELETED FILE FROM QUARANTINE | /home/app2skmi/skmicloud.app2-skmi.my.id/quarantine/20250812_042805_photo_profile.png
2025-08-12 04:28:05 | DELETED FILE FROM QUARANTINE | /home/app2skmi/skmicloud.app2-skmi.my.id/quarantine/20250812_042805_photo_profile_bg_blank.png
2025-08-12 04:28:05 | DELETED FILE FROM QUARANTINE | /home/app2skmi/skmicloud.app2-skmi.my.id/quarantine/20250812_042805_priority_files (1).php
2025-08-12 04:28:05 | DELETED FILE FROM QUARANTINE | /home/app2skmi/skmicloud.app2-skmi.my.id/quarantine/20250812_042805_priority_files.php
2025-08-12 04:28:05 | DELETED FILE FROM QUARANTINE | /home/app2skmi/skmicloud.app2-skmi.my.id/quarantine/20250812_042805_profile (1).php
2025-08-12 04:28:05 | DELETED FILE FROM QUARANTINE | /home/app2skmi/skmicloud.app2-skmi.my.id/quarantine/20250812_042805_profile (2).php
2025-08-12 04:28:05 | DELETED FILE FROM QUARANTINE | /home/app2skmi/skmicloud.app2-skmi.my.id/quarantine/20250812_042805_profile (3).php
2025-08-12 04:28:05 | DELETED FILE FROM QUARANTINE | /home/app2skmi/skmicloud.app2-skmi.my.id/quarantine/20250812_042805_profile (4).php
2025-08-12 04:28:05 | DELETED FILE FROM QUARANTINE | /home/app2skmi/skmicloud.app2-skmi.my.id/quarantine/20250812_042805_profile.php
2025-08-12 04:28:05 | DELETED FILE FROM QUARANTINE | /home/app2skmi/skmicloud.app2-skmi.my.id/quarantine/20250812_042805_profile_6899fc96839f0.png
2025-08-12 04:28:05 | DELETED FILE FROM QUARANTINE | /home/app2skmi/skmicloud.app2-skmi.my.id/quarantine/20250812_042805_profile_689aa935b77c3.png
2025-08-12 04:28:05 | DELETED FILE FROM QUARANTINE | /home/app2skmi/skmicloud.app2-skmi.my.id/quarantine/20250812_042805_register (1).php
2025-08-12 04:28:05 | DELETED FILE FROM QUARANTINE | /home/app2skmi/skmicloud.app2-skmi.my.id/quarantine/20250812_042805_register (2).php
2025-08-12 04:28:05 | DELETED FILE FROM QUARANTINE | /home/app2skmi/skmicloud.app2-skmi.my.id/quarantine/20250812_042805_register (3).php
2025-08-12 04:28:05 | DELETED FILE FROM QUARANTINE | /home/app2skmi/skmicloud.app2-skmi.my.id/quarantine/20250812_042805_register (4).php
2025-08-12 04:28:05 | DELETED FILE FROM QUARANTINE | /home/app2skmi/skmicloud.app2-skmi.my.id/quarantine/20250812_042805_register.php
2025-08-12 04:28:05 | DELETED FILE FROM QUARANTINE | /home/app2skmi/skmicloud.app2-skmi.my.id/quarantine/20250812_042805_rename.php
2025-08-12 04:28:05 | DELETED FILE FROM QUARANTINE | /home/app2skmi/skmicloud.app2-skmi.my.id/quarantine/20250812_042805_responsive.css
2025-08-12 04:28:05 | DELETED FILE FROM QUARANTINE | /home/app2skmi/skmicloud.app2-skmi.my.id/quarantine/20250812_042805_s.php
2025-08-12 04:28:05 | DELETED FILE FROM QUARANTINE | /home/app2skmi/skmicloud.app2-skmi.my.id/quarantine/20250812_042805_starred.json
2025-08-12 04:28:05 | DELETED FILE FROM QUARANTINE | /home/app2skmi/skmicloud.app2-skmi.my.id/quarantine/20250812_042805_summary (1).php
2025-08-12 04:28:05 | DELETED FILE FROM QUARANTINE | /home/app2skmi/skmicloud.app2-skmi.my.id/quarantine/20250812_042805_summary (2).php
2025-08-12 04:28:05 | DELETED FILE FROM QUARANTINE | /home/app2skmi/skmicloud.app2-skmi.my.id/quarantine/20250812_042805_summary (4).php
2025-08-12 04:28:05 | DELETED FILE FROM QUARANTINE | /home/app2skmi/skmicloud.app2-skmi.my.id/quarantine/20250812_042805_summary.php
2025-08-12 04:28:05 | DELETED FILE FROM QUARANTINE | /home/app2skmi/skmicloud.app2-skmi.my.id/quarantine/20250812_042805_toggle_star.php
2025-08-12 04:28:05 | DELETED FILE FROM QUARANTINE | /home/app2skmi/skmicloud.app2-skmi.my.id/quarantine/20250812_042805_upload.php
2025-08-12 04:28:05 | DELETED FILE FROM QUARANTINE | /home/app2skmi/skmicloud.app2-skmi.my.id/quarantine/20250812_042805_uploads.php
2025-08-12 04:28:05 | DELETED FILE FROM QUARANTINE | /home/app2skmi/skmicloud.app2-skmi.my.id/quarantine/20250812_042805_users.sql
2025-08-12 04:28:05 | DELETED FILE FROM QUARANTINE | /home/app2skmi/skmicloud.app2-skmi.my.id/quarantine/20250812_042805_view.php
